<?xml version="1.0" encoding="UTF-8"?>
<!-- Generated by org.testng.reporters.JUnitReportReporter -->
<testsuite hostname="DESKTOP-HGM17N5" failures="0" tests="2" name="seleniumbasic.StreamLamda" time="0.033" errors="0" timestamp="2024-05-02T00:38:29 IST" skipped="0">
  <testcase classname="seleniumbasic.StreamLamda" name="stream" time="0.022"/>
  <testcase classname="seleniumbasic.StreamLamda" name="streamCollect" time="0.011"/>
</testsuite> <!-- seleniumbasic.StreamLamda -->
