<?xml version="1.0" encoding="UTF-8"?>
<!-- Generated by org.testng.reporters.JUnitReportReporter -->
<testsuite hostname="DESKTOP-HGM17N5" failures="0" tests="4" name="testNg.base4" time="0.009" errors="0" timestamp="2024-05-10T21:25:32 IST" skipped="1">
  <testcase classname="testNg.base4" name="cricketTeachers" time="0.006"/>
  <testcase classname="testNg.base4" name="cricketWom" time="0.001"/>
  <testcase classname="testNg.base4" name="cricketStudent" time="0.002"/>
  <testcase classname="testNg.base4" name="cricketMens">
    <skipped/>
  </testcase> <!-- cricketMens -->
</testsuite> <!-- testNg.base4 -->
