<?xml version="1.0" encoding="UTF-8"?>
<!-- Generated by org.testng.reporters.JUnitReportReporter -->
<testsuite hostname="DESKTOP-HGM17N5" failures="0" tests="2" name="testNg.base3" time="0.013" errors="0" timestamp="2024-05-10T21:25:32 IST" skipped="0">
  <testcase classname="testNg.base3" name="trafficCity" time="0.011"/>
  <testcase classname="testNg.base3" name="trafficPune" time="0.002"/>
</testsuite> <!-- testNg.base3 -->
