<?xml version="1.0" encoding="UTF-8"?>
<!-- Generated by org.testng.reporters.JUnitReportReporter -->
<testsuite hostname="DESKTOP-HGM17N5" failures="0" tests="1" name="testNg.base2" time="0.010" errors="0" timestamp="2024-05-10T21:25:32 IST" skipped="0">
  <testcase classname="testNg.base2" name="personalloan" time="0.010"/>
</testsuite> <!-- testNg.base2 -->
