<?xml version="1.0" encoding="UTF-8"?>
<!-- Generated by org.testng.reporters.JUnitReportReporter -->
<testsuite hostname="DESKTOP-HGM17N5" failures="0" tests="5" name="testNg.base1" time="0.096" errors="0" timestamp="2024-05-10T21:25:32 IST" skipped="0">
  <testcase classname="testNg.base1" name="Appium" time="0.021"/>
  <testcase classname="testNg.base1" name="performance" time="0.024"/>
  <testcase classname="testNg.base1" name="mobileApp" time="0.017"/>
  <testcase classname="testNg.base1" name="webApp" time="0.018"/>
  <testcase classname="testNg.base1" name="UIApp" time="0.016"/>
</testsuite> <!-- testNg.base1 -->
